   1               		.file	"final_project.c"
   2               	__SREG__ = 0x3f
   3               	__SP_H__ = 0x3e
   4               	__SP_L__ = 0x3d
   5               	__CCP__ = 0x34
   6               	__tmp_reg__ = 0
   7               	__zero_reg__ = 1
   8               		.section	.text.initialize,"ax",@progbits
   9               	.global	initialize
  11               	initialize:
  12               	/* prologue: function */
  13               	/* frame size = 0 */
  14               	/* stack size = 0 */
  15               	.L__stack_usage = 0
  16 0000 11B8      		out 33-32,__zero_reg__
  17 0002 80EC      		ldi r24,lo8(-64)
  18 0004 84B9      		out 36-32,r24
  19 0006 8FEF      		ldi r24,lo8(-1)
  20 0008 87B9      		out 39-32,r24
  21 000a 88E0      		ldi r24,lo8(8)
  22 000c 8AB9      		out 42-32,r24
  23 000e 87E0      		ldi r24,lo8(7)
  24 0010 8DB9      		out 45-32,r24
  25 0012 10BA      		out 48-32,__zero_reg__
  26               	/* epilogue start */
  27 0014 0895      		ret
  29               		.section	.text.clearArray,"ax",@progbits
  30               	.global	clearArray
  32               	clearArray:
  33               	/* prologue: function */
  34               	/* frame size = 0 */
  35               	/* stack size = 0 */
  36               	.L__stack_usage = 0
  37 0000 18B8      		out 40-32,__zero_reg__
  38 0002 85B1      		in r24,37-32
  39 0004 806C      		ori r24,lo8(-64)
  40 0006 85B9      		out 37-32,r24
  41 0008 85B1      		in r24,37-32
  42 000a 8F73      		andi r24,lo8(63)
  43 000c 85B9      		out 37-32,r24
  44               	/* epilogue start */
  45 000e 0895      		ret
  47               		.section	.text.InitializeUART,"ax",@progbits
  48               	.global	InitializeUART
  50               	InitializeUART:
  51               	/* prologue: function */
  52               	/* frame size = 0 */
  53               	/* stack size = 0 */
  54               	.L__stack_usage = 0
  55 0000 1092 CD00 		sts 205,__zero_reg__
  56 0004 8CE0      		ldi r24,lo8(12)
  57 0006 8093 CC00 		sts 204,r24
  58 000a 82E0      		ldi r24,lo8(2)
  59 000c 8093 C800 		sts 200,r24
  60 0010 E9EC      		ldi r30,lo8(201)
  61 0012 F0E0      		ldi r31,hi8(201)
  62 0014 88E8      		ldi r24,lo8(-120)
  63 0016 8083      		st Z,r24
  64 0018 8081      		ld r24,Z
  65 001a 8061      		ori r24,lo8(16)
  66 001c 8083      		st Z,r24
  67 001e 86E0      		ldi r24,lo8(6)
  68 0020 8093 CA00 		sts 202,r24
  69               	/* epilogue start */
  70 0024 0895      		ret
  72               		.section	.text.SendByteUART,"ax",@progbits
  73               	.global	SendByteUART
  75               	SendByteUART:
  76               	/* prologue: function */
  77               	/* frame size = 0 */
  78               	/* stack size = 0 */
  79               	.L__stack_usage = 0
  80 0000 8093 CE00 		sts 206,r24
  81               	/* epilogue start */
  82 0004 0895      		ret
  84               		.section	.text.__vector_25,"ax",@progbits
  85               	.global	__vector_25
  87               	__vector_25:
  88 0000 1F92      		push __zero_reg__
  89 0002 0F92      		push r0
  90 0004 0FB6      		in r0,__SREG__
  91 0006 0F92      		push r0
  92 0008 1124      		clr __zero_reg__
  93 000a 8F93      		push r24
  94 000c EF93      		push r30
  95 000e FF93      		push r31
  96               	/* prologue: Signal */
  97               	/* frame size = 0 */
  98               	/* stack size = 6 */
  99               	.L__stack_usage = 6
 100 0010 EEEC      		ldi r30,lo8(206)
 101 0012 F0E0      		ldi r31,hi8(206)
 102 0014 8081      		ld r24,Z
 103 0016 8083      		st Z,r24
 104               	/* epilogue start */
 105 0018 FF91      		pop r31
 106 001a EF91      		pop r30
 107 001c 8F91      		pop r24
 108 001e 0F90      		pop r0
 109 0020 0FBE      		out __SREG__,r0
 110 0022 0F90      		pop r0
 111 0024 1F90      		pop __zero_reg__
 112 0026 1895      		reti
 114               		.section	.text.main,"ax",@progbits
 115               	.global	main
 117               	main:
 118               	/* prologue: function */
 119               	/* frame size = 0 */
 120               	/* stack size = 0 */
 121               	.L__stack_usage = 0
 122 0000 0E94 0000 		call clearArray
 123 0004 0E94 0000 		call initialize
 124 0008 0E94 0000 		call InitializeUART
 125               	/* #APP */
 126               	 ;  146 "final_project.c" 1
 127 000c 7894      		sei
 128               	 ;  0 "" 2
 129               	/* #NOAPP */
 130 000e 80E8      		ldi r24,lo8(-128)
 131 0010 85B9      		out 37-32,r24
 132               	.L7:
 133 0012 00C0      		rjmp .L7
DEFINED SYMBOLS
                            *ABS*:0000000000000000 final_project.c
     /tmp/ccp0ankF.s:2      *ABS*:000000000000003f __SREG__
     /tmp/ccp0ankF.s:3      *ABS*:000000000000003e __SP_H__
     /tmp/ccp0ankF.s:4      *ABS*:000000000000003d __SP_L__
     /tmp/ccp0ankF.s:5      *ABS*:0000000000000034 __CCP__
     /tmp/ccp0ankF.s:6      *ABS*:0000000000000000 __tmp_reg__
     /tmp/ccp0ankF.s:7      *ABS*:0000000000000001 __zero_reg__
     /tmp/ccp0ankF.s:11     .text.initialize:0000000000000000 initialize
     /tmp/ccp0ankF.s:32     .text.clearArray:0000000000000000 clearArray
     /tmp/ccp0ankF.s:50     .text.InitializeUART:0000000000000000 InitializeUART
     /tmp/ccp0ankF.s:75     .text.SendByteUART:0000000000000000 SendByteUART
     /tmp/ccp0ankF.s:87     .text.__vector_25:0000000000000000 __vector_25
     /tmp/ccp0ankF.s:117    .text.main:0000000000000000 main

NO UNDEFINED SYMBOLS
